#
# There is insufficient memory for the Java Runtime Environment to continue.
# Native memory allocation (malloc) failed to allocate 589856 bytes for Chunk::new
# Possible reasons:
#   The system is out of physical RAM or swap space
#   The process is running with CompressedOops enabled, and the Java Heap may be blocking the growth of the native heap
# Possible solutions:
#   Reduce memory load on the system
#   Increase physical memory or swap space
#   Check if swap backing store is full
#   Decrease Java heap size (-Xmx/-Xms)
#   Decrease number of Java threads
#   Decrease Java thread stack sizes (-Xss)
#   Set larger code cache with -XX:ReservedCodeCacheSize=
#   JVM is running with Unscaled Compressed Oops mode in which the Java heap is
#     placed in the first 4GB address space. The Java Heap base address is the
#     maximum limit for the native heap growth. Please use -XX:HeapBaseMinAddress
#     to set the Java Heap base and to place the Java Heap above 4GB virtual address.
# This output file may be truncated or incomplete.
#
#  Out of Memory Error (allocation.cpp:389), pid=16380, tid=0x0000000000003ac0
#
# JRE version: OpenJDK Runtime Environment (8.0_242-b01) (build 1.8.0_242-release-1644-b01)
# Java VM: OpenJDK 64-Bit Server VM (25.242-b01 mixed mode windows-amd64 compressed oops)
# Failed to write core dump. Minidumps are not enabled by default on client versions of Windows
#

---------------  T H R E A D  ---------------

Current thread (0x0000000019662800):  JavaThread "C2 CompilerThread0" daemon [_thread_in_native, id=15040, stack(0x0000000019f40000,0x000000001a040000)]

Stack: [0x0000000019f40000,0x000000001a040000]
[error occurred during error reporting (printing stack bounds), id 0xc0000005]

Native frames: (J=compiled Java code, j=interpreted, Vv=VM code, C=native code)


Current CompileTask:
C2:  12423 9728       4       com.android.tools.r8.dex.P$g::addType (20 bytes)


---------------  P R O C E S S  ---------------

Java Threads: ( => current thread )
  0x000000001cbb2000 JavaThread "WorkerExecutor Queue Thread 4" [_thread_blocked, id=6792, stack(0x000000002f100000,0x000000002f200000)]
  0x0000000023dea000 JavaThread "ForkJoinPool-2-worker-0" daemon [_thread_blocked, id=17924, stack(0x000000002f000000,0x000000002f100000)]
  0x0000000023def800 JavaThread "ForkJoinPool-2-worker-7" daemon [_thread_blocked, id=9244, stack(0x000000002ef00000,0x000000002f000000)]
  0x0000000023ded000 JavaThread "ForkJoinPool-2-worker-6" daemon [_thread_blocked, id=16916, stack(0x000000002ee00000,0x000000002ef00000)]
  0x0000000023deb800 JavaThread "ForkJoinPool-2-worker-5" daemon [_thread_blocked, id=17220, stack(0x000000002ed00000,0x000000002ee00000)]
  0x0000000023df0000 JavaThread "ForkJoinPool-2-worker-4" daemon [_thread_blocked, id=13048, stack(0x000000002ec00000,0x000000002ed00000)]
  0x0000000023deb000 JavaThread "ForkJoinPool-2-worker-3" daemon [_thread_blocked, id=21100, stack(0x000000002eb00000,0x000000002ec00000)]
  0x0000000023dee800 JavaThread "ForkJoinPool-2-worker-2" daemon [_thread_blocked, id=13968, stack(0x000000002ea00000,0x000000002eb00000)]
  0x0000000023de8800 JavaThread "ForkJoinPool-2-worker-1" daemon [_thread_blocked, id=10580, stack(0x000000002e900000,0x000000002ea00000)]
  0x0000000023de9800 JavaThread "WorkerExecutor Queue Thread 3" [_thread_blocked, id=21180, stack(0x000000002de30000,0x000000002df30000)]
  0x0000000023dee000 JavaThread "stdout" [_thread_in_native, id=7524, stack(0x000000002e400000,0x000000002e500000)]
  0x0000000023dec800 JavaThread "stderr" [_thread_in_native, id=12712, stack(0x000000002e300000,0x000000002e400000)]
  0x0000000023de1000 JavaThread "stdout" [_thread_in_native, id=18700, stack(0x000000002e200000,0x000000002e300000)]
  0x0000000023de2000 JavaThread "stderr" [_thread_in_native, id=3880, stack(0x000000002e100000,0x000000002e200000)]
  0x0000000023de7000 JavaThread "pool-2-thread-1" [_thread_blocked, id=17552, stack(0x000000002dd30000,0x000000002de30000)]
  0x0000000023de5000 JavaThread "WorkerExecutor Queue Thread 2" [_thread_in_native, id=5036, stack(0x000000002dc30000,0x000000002dd30000)]
  0x0000000023de4000 JavaThread "WorkerExecutor Queue" [_thread_in_Java, id=14580, stack(0x000000002db30000,0x000000002dc30000)]
  0x0000000023de5800 JavaThread "Cache worker for execution history cache (F:\MainForm\.gradle\6.5\executionHistory)" [_thread_blocked, id=18988, stack(0x000000002d630000,0x000000002d730000)]
  0x00000000217c6000 JavaThread "Execution worker for ':' Thread 7" [_thread_blocked, id=16180, stack(0x000000002d530000,0x000000002d630000)]
  0x00000000217c5000 JavaThread "Execution worker for ':' Thread 6" [_thread_blocked, id=9968, stack(0x000000002c440000,0x000000002c540000)]
  0x00000000217c3800 JavaThread "Execution worker for ':' Thread 5" [_thread_blocked, id=19524, stack(0x000000002c340000,0x000000002c440000)]
  0x00000000217c3000 JavaThread "Execution worker for ':' Thread 4" [_thread_blocked, id=15340, stack(0x000000002bfe0000,0x000000002c0e0000)]
  0x00000000217c2000 JavaThread "Execution worker for ':' Thread 3" [_thread_blocked, id=20072, stack(0x000000002bee0000,0x000000002bfe0000)]
  0x00000000217c6800 JavaThread "Execution worker for ':' Thread 2" [_thread_blocked, id=12676, stack(0x000000002bde0000,0x000000002bee0000)]
  0x00000000217c1800 JavaThread "Execution worker for ':'" [_thread_blocked, id=19760, stack(0x000000002bce0000,0x000000002bde0000)]
  0x00000000217c4800 JavaThread "Cache worker for file content cache (F:\MainForm\.gradle\6.5\fileContent)" [_thread_blocked, id=20732, stack(0x000000002b660000,0x000000002b760000)]
  0x00000000217ba000 JavaThread "Memory manager" [_thread_blocked, id=18536, stack(0x000000002ad20000,0x000000002ae20000)]
  0x00000000217c0800 JavaThread "Cache worker for Build Output Cleanup Cache (F:\MainForm\.gradle\buildOutputCleanup)" [_thread_blocked, id=11496, stack(0x000000002a620000,0x000000002a720000)]
  0x00000000217c0000 JavaThread "jar transforms Thread 92" [_thread_blocked, id=19932, stack(0x000000002a320000,0x000000002a420000)]
  0x00000000217bf000 JavaThread "jar transforms Thread 91" [_thread_blocked, id=10460, stack(0x000000002a220000,0x000000002a320000)]
  0x00000000217b7800 JavaThread "jar transforms Thread 90" [_thread_blocked, id=20656, stack(0x000000002a120000,0x000000002a220000)]
  0x00000000217b9000 JavaThread "jar transforms Thread 89" [_thread_blocked, id=16508, stack(0x000000002a020000,0x000000002a120000)]
  0x00000000217be800 JavaThread "jar transforms Thread 88" [_thread_blocked, id=14268, stack(0x0000000029f20000,0x000000002a020000)]
  0x00000000217bd000 JavaThread "jar transforms Thread 87" [_thread_blocked, id=9712, stack(0x0000000029e20000,0x0000000029f20000)]
  0x00000000217bd800 JavaThread "jar transforms Thread 86" [_thread_blocked, id=12208, stack(0x0000000029d20000,0x0000000029e20000)]
  0x00000000217bc000 JavaThread "jar transforms Thread 85" [_thread_blocked, id=10424, stack(0x0000000029c20000,0x0000000029d20000)]
  0x00000000217bb800 JavaThread "jar transforms Thread 84" [_thread_blocked, id=19176, stack(0x0000000029b20000,0x0000000029c20000)]
  0x00000000217b8800 JavaThread "jar transforms Thread 83" [_thread_blocked, id=18952, stack(0x0000000029a20000,0x0000000029b20000)]
  0x000000001c7c9000 JavaThread "jar transforms Thread 82" [_thread_blocked, id=3328, stack(0x0000000029920000,0x0000000029a20000)]
  0x000000001c7c7800 JavaThread "jar transforms Thread 81" [_thread_blocked, id=17984, stack(0x0000000029820000,0x0000000029920000)]
  0x000000001c7c6000 JavaThread "jar transforms Thread 80" [_thread_blocked, id=15584, stack(0x0000000029720000,0x0000000029820000)]
  0x000000001c7c4800 JavaThread "jar transforms Thread 79" [_thread_blocked, id=13612, stack(0x0000000029620000,0x0000000029720000)]
  0x000000001c7cb000 JavaThread "jar transforms Thread 78" [_thread_blocked, id=15648, stack(0x0000000029520000,0x0000000029620000)]
  0x000000001c7c3800 JavaThread "jar transforms Thread 77" [_thread_blocked, id=11088, stack(0x0000000029420000,0x0000000029520000)]
  0x000000001c7c6800 JavaThread "jar transforms Thread 76" [_thread_blocked, id=8844, stack(0x0000000029320000,0x0000000029420000)]
  0x000000001c7c5000 JavaThread "jar transforms Thread 75" [_thread_blocked, id=16636, stack(0x0000000029220000,0x0000000029320000)]
  0x000000001c7c9800 JavaThread "jar transforms Thread 74" [_thread_blocked, id=15124, stack(0x0000000029120000,0x0000000029220000)]
  0x000000001c7c8000 JavaThread "jar transforms Thread 73" [_thread_blocked, id=12776, stack(0x0000000029020000,0x0000000029120000)]
  0x000000001c7ca800 JavaThread "jar transforms Thread 72" [_thread_blocked, id=17876, stack(0x0000000028f20000,0x0000000029020000)]
  0x000000001c7bc000 JavaThread "jar transforms Thread 71" [_thread_blocked, id=16408, stack(0x0000000028e20000,0x0000000028f20000)]
  0x000000001c7c3000 JavaThread "jar transforms Thread 70" [_thread_blocked, id=19296, stack(0x0000000028d20000,0x0000000028e20000)]
  0x000000001c7bf000 JavaThread "jar transforms Thread 69" [_thread_blocked, id=6988, stack(0x0000000028c20000,0x0000000028d20000)]
  0x000000001c7c2000 JavaThread "jar transforms Thread 68" [_thread_blocked, id=12532, stack(0x0000000028b20000,0x0000000028c20000)]
  0x000000001c7be800 JavaThread "jar transforms Thread 67" [_thread_blocked, id=19956, stack(0x0000000028a20000,0x0000000028b20000)]
  0x000000001c7bd800 JavaThread "jar transforms Thread 66" [_thread_blocked, id=14864, stack(0x0000000028920000,0x0000000028a20000)]
  0x000000001c7c1800 JavaThread "jar transforms Thread 65" [_thread_blocked, id=3324, stack(0x0000000028820000,0x0000000028920000)]
  0x000000001c7c0800 JavaThread "jar transforms Thread 64" [_thread_blocked, id=15048, stack(0x0000000028720000,0x0000000028820000)]
  0x000000001c7c0000 JavaThread "jar transforms Thread 63" [_thread_blocked, id=6660, stack(0x0000000028620000,0x0000000028720000)]
  0x000000001c7bd000 JavaThread "jar transforms Thread 62" [_thread_blocked, id=2084, stack(0x0000000028520000,0x0000000028620000)]
  0x000000001c60d800 JavaThread "jar transforms Thread 61" [_thread_blocked, id=18328, stack(0x0000000028420000,0x0000000028520000)]
  0x000000001c60c800 JavaThread "jar transforms Thread 60" [_thread_blocked, id=17112, stack(0x0000000028320000,0x0000000028420000)]
  0x000000001c605000 JavaThread "jar transforms Thread 59" [_thread_blocked, id=21228, stack(0x0000000028220000,0x0000000028320000)]
  0x000000001c60c000 JavaThread "jar transforms Thread 58" [_thread_blocked, id=13728, stack(0x0000000028120000,0x0000000028220000)]
  0x000000001c604800 JavaThread "jar transforms Thread 57" [_thread_blocked, id=14944, stack(0x0000000028020000,0x0000000028120000)]
  0x000000001c609800 JavaThread "jar transforms Thread 56" [_thread_blocked, id=9916, stack(0x0000000027f20000,0x0000000028020000)]
  0x000000001c609000 JavaThread "jar transforms Thread 55" [_thread_blocked, id=1876, stack(0x0000000027e20000,0x0000000027f20000)]
  0x000000001c60b000 JavaThread "jar transforms Thread 54" [_thread_blocked, id=21496, stack(0x0000000027d20000,0x0000000027e20000)]
  0x000000001c603800 JavaThread "jar transforms Thread 53" [_thread_blocked, id=4532, stack(0x0000000027c20000,0x0000000027d20000)]
  0x000000001c607800 JavaThread "jar transforms Thread 52" [_thread_blocked, id=17568, stack(0x0000000027b20000,0x0000000027c20000)]
  0x000000001c60a800 JavaThread "jar transforms Thread 51" [_thread_blocked, id=9972, stack(0x0000000027a20000,0x0000000027b20000)]
  0x000000001c606800 JavaThread "jar transforms Thread 50" [_thread_blocked, id=3780, stack(0x0000000027920000,0x0000000027a20000)]
  0x000000001c606000 JavaThread "jar transforms Thread 49" [_thread_blocked, id=15636, stack(0x0000000027820000,0x0000000027920000)]
  0x000000001c608000 JavaThread "jar transforms Thread 48" [_thread_blocked, id=1252, stack(0x0000000027720000,0x0000000027820000)]
  0x000000001c600000 JavaThread "jar transforms Thread 47" [_thread_blocked, id=18500, stack(0x0000000027620000,0x0000000027720000)]
  0x000000001c602000 JavaThread "jar transforms Thread 46" [_thread_blocked, id=15836, stack(0x0000000027520000,0x0000000027620000)]
  0x000000001c600800 JavaThread "jar transforms Thread 45" [_thread_blocked, id=11852, stack(0x0000000027420000,0x0000000027520000)]
  0x000000001c5ff000 JavaThread "jar transforms Thread 44" [_thread_blocked, id=11240, stack(0x0000000027320000,0x0000000027420000)]
  0x000000001c603000 JavaThread "jar transforms Thread 43" [_thread_blocked, id=13100, stack(0x0000000027220000,0x0000000027320000)]
  0x000000001c601800 JavaThread "jar transforms Thread 42" [_thread_blocked, id=4964, stack(0x0000000027120000,0x0000000027220000)]
  0x000000001c5fe800 JavaThread "jar transforms Thread 41" [_thread_blocked, id=19408, stack(0x0000000027020000,0x0000000027120000)]
  0x00000000201f1800 JavaThread "jar transforms Thread 40" [_thread_blocked, id=19704, stack(0x0000000026f20000,0x0000000027020000)]
  0x00000000201f1000 JavaThread "jar transforms Thread 39" [_thread_blocked, id=16952, stack(0x0000000026e20000,0x0000000026f20000)]
  0x00000000201f0000 JavaThread "jar transforms Thread 38" [_thread_blocked, id=12484, stack(0x0000000026d20000,0x0000000026e20000)]
  0x00000000201f3000 JavaThread "jar transforms Thread 37" [_thread_blocked, id=13076, stack(0x0000000026c20000,0x0000000026d20000)]
  0x00000000201ef800 JavaThread "jar transforms Thread 36" [_thread_blocked, id=12252, stack(0x0000000026b20000,0x0000000026c20000)]
  0x00000000201f2800 JavaThread "jar transforms Thread 35" [_thread_blocked, id=19440, stack(0x0000000026a20000,0x0000000026b20000)]
  0x00000000201e9800 JavaThread "jar transforms Thread 34" [_thread_blocked, id=2564, stack(0x0000000026920000,0x0000000026a20000)]
  0x00000000201e8000 JavaThread "jar transforms Thread 33" [_thread_blocked, id=15688, stack(0x0000000026820000,0x0000000026920000)]
  0x00000000201ed000 JavaThread "jar transforms Thread 32" [_thread_blocked, id=15328, stack(0x0000000026720000,0x0000000026820000)]
  0x00000000201e8800 JavaThread "jar transforms Thread 31" [_thread_blocked, id=21368, stack(0x0000000026620000,0x0000000026720000)]
  0x00000000201ea000 JavaThread "jar transforms Thread 30" [_thread_blocked, id=3464, stack(0x0000000026520000,0x0000000026620000)]
  0x00000000201ec800 JavaThread "jar transforms Thread 29" [_thread_blocked, id=17012, stack(0x0000000026420000,0x0000000026520000)]
  0x00000000201ee800 JavaThread "jar transforms Thread 28" [_thread_blocked, id=3492, stack(0x0000000026320000,0x0000000026420000)]
  0x00000000201eb800 JavaThread "jar transforms Thread 27" [_thread_blocked, id=19936, stack(0x0000000026220000,0x0000000026320000)]
  0x00000000201ee000 JavaThread "jar transforms Thread 26" [_thread_blocked, id=9876, stack(0x0000000026120000,0x0000000026220000)]
  0x00000000201e5800 JavaThread "jar transforms Thread 25" [_thread_blocked, id=3200, stack(0x0000000026020000,0x0000000026120000)]
  0x00000000201e7000 JavaThread "jar transforms Thread 24" [_thread_blocked, id=10928, stack(0x0000000025f20000,0x0000000026020000)]
  0x00000000201eb000 JavaThread "jar transforms Thread 23" [_thread_blocked, id=13044, stack(0x0000000025e20000,0x0000000025f20000)]
  0x00000000201e6800 JavaThread "jar transforms Thread 22" [_thread_blocked, id=15572, stack(0x0000000025d20000,0x0000000025e20000)]
  0x00000000201e4000 JavaThread "jar transforms Thread 21" [_thread_blocked, id=1228, stack(0x0000000025c20000,0x0000000025d20000)]
  0x00000000201e5000 JavaThread "jar transforms Thread 20" [_thread_blocked, id=8144, stack(0x0000000025b20000,0x0000000025c20000)]
  0x000000001a6d2800 JavaThread "jar transforms Thread 19" [_thread_blocked, id=21128, stack(0x0000000025a20000,0x0000000025b20000)]
  0x000000001a6d5800 JavaThread "jar transforms Thread 18" [_thread_blocked, id=15812, stack(0x0000000025920000,0x0000000025a20000)]
  0x000000001a6d2000 JavaThread "jar transforms Thread 17" [_thread_blocked, id=6780, stack(0x0000000025820000,0x0000000025920000)]
  0x000000001a6d1000 JavaThread "jar transforms Thread 16" [_thread_blocked, id=1036, stack(0x0000000025720000,0x0000000025820000)]
  0x000000001a6d5000 JavaThread "jar transforms Thread 15" [_thread_blocked, id=11860, stack(0x0000000025620000,0x0000000025720000)]
  0x000000001a6d3800 JavaThread "jar transforms Thread 14" [_thread_blocked, id=10900, stack(0x0000000025520000,0x0000000025620000)]
  0x000000001a6d4000 JavaThread "jar transforms Thread 13" [_thread_blocked, id=21028, stack(0x0000000025420000,0x0000000025520000)]
  0x000000001a6d0800 JavaThread "jar transforms Thread 12" [_thread_blocked, id=18492, stack(0x0000000025320000,0x0000000025420000)]
  0x000000001a6ce800 JavaThread "jar transforms Thread 11" [_thread_blocked, id=11188, stack(0x0000000025220000,0x0000000025320000)]
  0x000000001a6cf800 JavaThread "jar transforms Thread 10" [_thread_blocked, id=18864, stack(0x0000000025120000,0x0000000025220000)]
  0x000000001c640000 JavaThread "jar transforms Thread 9" [_thread_blocked, id=1884, stack(0x0000000025020000,0x0000000025120000)]
  0x000000001c645800 JavaThread "jar transforms Thread 8" [_thread_blocked, id=6964, stack(0x0000000024f20000,0x0000000025020000)]
  0x000000001c644800 JavaThread "jar transforms Thread 7" [_thread_blocked, id=4536, stack(0x0000000024e20000,0x0000000024f20000)]
  0x000000001c641800 JavaThread "jar transforms Thread 6" [_thread_blocked, id=17936, stack(0x0000000024d20000,0x0000000024e20000)]
  0x000000001c644000 JavaThread "jar transforms Thread 5" [_thread_blocked, id=7668, stack(0x0000000024c20000,0x0000000024d20000)]
  0x000000001c643000 JavaThread "jar transforms Thread 4" [_thread_blocked, id=9804, stack(0x0000000024b20000,0x0000000024c20000)]
  0x000000001c641000 JavaThread "jar transforms Thread 3" [_thread_blocked, id=2112, stack(0x0000000024a20000,0x0000000024b20000)]
  0x000000001c642800 JavaThread "jar transforms Thread 2" [_thread_blocked, id=18520, stack(0x0000000024920000,0x0000000024a20000)]
  0x000000001c638800 JavaThread "Build operations Thread 8" [_thread_blocked, id=12740, stack(0x0000000024820000,0x0000000024920000)]
  0x000000001c63f800 JavaThread "Build operations Thread 7" [_thread_blocked, id=14576, stack(0x0000000024720000,0x0000000024820000)]
  0x000000001c638000 JavaThread "Build operations Thread 6" [_thread_blocked, id=12080, stack(0x0000000024620000,0x0000000024720000)]
  0x000000001c63b000 JavaThread "Build operations Thread 5" [_thread_blocked, id=7872, stack(0x0000000024520000,0x0000000024620000)]
  0x000000001c63e800 JavaThread "Build operations Thread 4" [_thread_blocked, id=1292, stack(0x0000000024420000,0x0000000024520000)]
  0x000000001c63a000 JavaThread "Build operations Thread 3" [_thread_blocked, id=19816, stack(0x0000000024060000,0x0000000024160000)]
  0x000000001c637000 JavaThread "Build operations Thread 2" [_thread_blocked, id=12092, stack(0x0000000023f60000,0x0000000024060000)]
  0x000000001c63e000 JavaThread "Build operations" [_thread_blocked, id=8428, stack(0x0000000023e60000,0x0000000023f60000)]
  0x000000001967a800 JavaThread "Cache worker for file content cache (C:\Users\PC\.gradle\caches\6.5\fileContent)" [_thread_blocked, id=17436, stack(0x0000000022990000,0x0000000022a90000)]
  0x0000000019679800 JavaThread "jar transforms" [_thread_blocked, id=18724, stack(0x0000000022890000,0x0000000022990000)]
  0x0000000019679000 JavaThread "Cache worker for execution history cache (C:\Users\PC\.gradle\caches\6.5\executionHistory)" [_thread_blocked, id=13996, stack(0x0000000022080000,0x0000000022180000)]
  0x0000000019678000 JavaThread "Cache worker for cache directory md-rule (C:\Users\PC\.gradle\caches\6.5\md-rule)" [_thread_blocked, id=18084, stack(0x0000000021f80000,0x0000000022080000)]
  0x0000000019677800 JavaThread "Cache worker for cache directory md-supplier (C:\Users\PC\.gradle\caches\6.5\md-supplier)" [_thread_blocked, id=4224, stack(0x0000000020c30000,0x0000000020d30000)]
  0x0000000019674000 JavaThread "Cache worker for checksums cache (F:\MainForm\.gradle\checksums)" [_thread_blocked, id=9484, stack(0x0000000020b30000,0x0000000020c30000)]
  0x0000000019676800 JavaThread "Cache worker for file hash cache (F:\MainForm\.gradle\6.5\fileHashes)" [_thread_blocked, id=19784, stack(0x0000000022390000,0x0000000022490000)]
  0x0000000019675800 JavaThread "Cache worker for file hash cache (C:\Users\PC\.gradle\caches\6.5\fileHashes)" [_thread_blocked, id=17908, stack(0x000000001e690000,0x000000001e790000)]
  0x000000001967b000 JavaThread "File lock request listener" [_thread_in_native, id=14644, stack(0x000000001e590000,0x000000001e690000)]
  0x000000001b704000 JavaThread "Cache worker for journal cache (C:\Users\PC\.gradle\caches\journal-1)" [_thread_blocked, id=20632, stack(0x000000001e490000,0x000000001e590000)]
  0x000000001c418800 JavaThread "Thread-9" [_thread_blocked, id=13840, stack(0x000000001e190000,0x000000001e290000)]
  0x000000001c417800 JavaThread "Stdin handler" [_thread_blocked, id=4688, stack(0x000000001e090000,0x000000001e190000)]
  0x000000001c415800 JavaThread "Asynchronous log dispatcher for DefaultDaemonConnection: socket connection from /127.0.0.1:49287 to /127.0.0.1:49288" [_thread_blocked, id=6864, stack(0x000000001df90000,0x000000001e090000)]
  0x000000001c419000 JavaThread "Daemon worker" [_thread_blocked, id=17392, stack(0x000000001de90000,0x000000001df90000)]
  0x000000001c403800 JavaThread "Cancel handler" [_thread_blocked, id=4696, stack(0x000000001dc90000,0x000000001dd90000)]
  0x000000001c3e3800 JavaThread "Handler for socket connection from /127.0.0.1:49287 to /127.0.0.1:49288" [_thread_in_native, id=15900, stack(0x000000001db90000,0x000000001dc90000)]
  0x000000001c3e2800 JavaThread "Daemon" [_thread_blocked, id=19580, stack(0x000000001da90000,0x000000001db90000)]
  0x000000001c3ce000 JavaThread "Daemon periodic checks" [_thread_blocked, id=13136, stack(0x000000001d790000,0x000000001d890000)]
  0x000000001c380800 JavaThread "Incoming local TCP Connector on port 49287" [_thread_in_native, id=20764, stack(0x000000001d550000,0x000000001d650000)]
  0x000000001c298800 JavaThread "Daemon health stats" [_thread_blocked, id=19876, stack(0x000000001bd10000,0x000000001be10000)]
  0x00000000196b7800 JavaThread "Service Thread" daemon [_thread_blocked, id=10656, stack(0x000000001a340000,0x000000001a440000)]
  0x0000000019675000 JavaThread "C1 CompilerThread3" daemon [_thread_blocked, id=9052, stack(0x000000001a240000,0x000000001a340000)]
  0x000000001966d800 JavaThread "C2 CompilerThread2" daemon [_thread_in_vm, id=21144, stack(0x000000001a140000,0x000000001a240000)]
  0x000000001786b800 JavaThread "C2 CompilerThread1" daemon [_thread_in_native, id=21448, stack(0x000000001a040000,0x000000001a140000)]
=>0x0000000019662800 JavaThread "C2 CompilerThread0" daemon [_thread_in_native, id=15040, stack(0x0000000019f40000,0x000000001a040000)]
  0x0000000019660800 JavaThread "Attach Listener" daemon [_thread_blocked, id=20824, stack(0x0000000019e40000,0x0000000019f40000)]
  0x0000000019666800 JavaThread "Signal Dispatcher" daemon [_thread_blocked, id=10840, stack(0x0000000019d40000,0x0000000019e40000)]
  0x00000000027ae000 JavaThread "Finalizer" daemon [_thread_blocked, id=12936, stack(0x0000000019b30000,0x0000000019c30000)]
  0x00000000027a7000 JavaThread "Reference Handler" daemon [_thread_blocked, id=10392, stack(0x0000000019a30000,0x0000000019b30000)]
  0x000000000259e000 JavaThread "main" [_thread_blocked, id=15992, stack(0x00000000025b0000,0x00000000026b0000)]

Other Threads:
  0x0000000017856800 VMThread [stack: 0x0000000019530000,0x0000000019630000] [id=12032]
  0x00000000196b8800 WatcherThread [stack: 0x000000001a440000,0x000000001a540000] [id=10740]

VM state:not at safepoint (normal execution)

VM Mutex/Monitor currently owned by a thread: None

heap address: 0x0000000080000000, size: 2048 MB, Compressed Oops mode: 32-bit
Narrow klass base: 0x0000000000000000, Narrow klass shift: 3
Compressed class space size: 1073741824 Address: 0x0000000100000000

Heap:
 PSYoungGen      total 392704K, used 123489K [0x00000000d5580000, 0x00000000f9300000, 0x0000000100000000)
  eden space 369152K, 27% used [0x00000000d5580000,0x00000000db71a7c8,0x00000000ebe00000)
  from space 23552K, 99% used [0x00000000ebe00000,0x00000000ed4fe018,0x00000000ed500000)
  to   space 33792K, 0% used [0x00000000f7200000,0x00000000f7200000,0x00000000f9300000)
 ParOldGen       total 91648K, used 52811K [0x0000000080000000, 0x0000000085980000, 0x00000000d5580000)
  object space 91648K, 57% used [0x0000000080000000,0x0000000083392de8,0x0000000085980000)
 Metaspace       used 74540K, capacity 78260K, committed 78488K, reserved 1116160K
  class space    used 10350K, capacity 11059K, committed 11184K, reserved 1048576K

Card table byte_map: [0x0000000011b80000,0x0000000011f90000] byte_map_base: 0x0000000011780000

Marking Bits: (ParMarkBitMap*) 0x00000000626bf030
 Begin Bits: [0x0000000012a40000, 0x0000000014a40000)
 End Bits:   [0x0000000014a40000, 0x0000000016a40000)

Polling page: 0x0000000002570000

CodeCache: size=245760Kb used=26352Kb max_used=26352Kb free=219407Kb
 bounds [0x00000000027c0000, 0x00000000041a0000, 0x00000000117c0000]
 total_blobs=9314 nmethods=8495 adapters=731
 compilation: enabled

Compilation events (10 events):
Event: 12.400 Thread 0x0000000019675000 nmethod 9766 0x0000000004179310 code [0x0000000004179480, 0x00000000041796a8]
Event: 12.400 Thread 0x0000000019675000 9767       3       com.android.tools.r8.naming.H$b::a (5 bytes)
Event: 12.400 Thread 0x0000000019675000 nmethod 9767 0x0000000004179790 code [0x00000000041798e0, 0x0000000004179a30]
Event: 12.401 Thread 0x0000000019675000 9768       3       java.util.stream.SpinedBuffer::clear (91 bytes)
Event: 12.401 Thread 0x0000000019675000 nmethod 9768 0x0000000004179ad0 code [0x0000000004179c80, 0x000000000417a2b0]
Event: 12.401 Thread 0x0000000019675000 9769       3       java.util.Spliterators$ArraySpliterator::estimateSize (11 bytes)
Event: 12.401 Thread 0x0000000019675000 nmethod 9769 0x000000000417a510 code [0x000000000417a660, 0x000000000417a7b0]
Event: 12.410 Thread 0x000000001966d800 nmethod 9704 0x000000000417ed50 code [0x000000000417f020, 0x00000000041807f0]
Event: 12.410 Thread 0x000000001966d800 9742       4       com.android.tools.r8.graph.Y::a (39 bytes)
Event: 12.411 Thread 0x0000000019675000 9770       3       com.android.tools.r8.code.U::a (1 bytes)

GC Heap History (10 events):
Event: 4.110 GC heap before
{Heap before GC invocations=10 (full 2):
 PSYoungGen      total 266752K, used 8032K [0x00000000d5580000, 0x00000000e6b00000, 0x0000000100000000)
  eden space 255488K, 0% used [0x00000000d5580000,0x00000000d5580000,0x00000000e4f00000)
  from space 11264K, 71% used [0x00000000e6000000,0x00000000e67d83d8,0x00000000e6b00000)
  to   space 14336K, 0% used [0x00000000e4f00000,0x00000000e4f00000,0x00000000e5d00000)
 ParOldGen       total 50176K, used 11265K [0x0000000080000000, 0x0000000083100000, 0x00000000d5580000)
  object space 50176K, 22% used [0x0000000080000000,0x0000000080b005b0,0x0000000083100000)
 Metaspace       used 34349K, capacity 35404K, committed 35496K, reserved 1079296K
  class space    used 4734K, capacity 5003K, committed 5040K, reserved 1048576K
Event: 4.201 GC heap after
Heap after GC invocations=10 (full 2):
 PSYoungGen      total 266752K, used 0K [0x00000000d5580000, 0x00000000e6b00000, 0x0000000100000000)
  eden space 255488K, 0% used [0x00000000d5580000,0x00000000d5580000,0x00000000e4f00000)
  from space 11264K, 0% used [0x00000000e6000000,0x00000000e6000000,0x00000000e6b00000)
  to   space 14336K, 0% used [0x00000000e4f00000,0x00000000e4f00000,0x00000000e5d00000)
 ParOldGen       total 61952K, used 14353K [0x0000000080000000, 0x0000000083c80000, 0x00000000d5580000)
  object space 61952K, 23% used [0x0000000080000000,0x0000000080e044a8,0x0000000083c80000)
 Metaspace       used 34349K, capacity 35404K, committed 35496K, reserved 1079296K
  class space    used 4734K, capacity 5003K, committed 5040K, reserved 1048576K
}
Event: 6.703 GC heap before
{Heap before GC invocations=11 (full 2):
 PSYoungGen      total 266752K, used 255488K [0x00000000d5580000, 0x00000000e6b00000, 0x0000000100000000)
  eden space 255488K, 100% used [0x00000000d5580000,0x00000000e4f00000,0x00000000e4f00000)
  from space 11264K, 0% used [0x00000000e6000000,0x00000000e6000000,0x00000000e6b00000)
  to   space 14336K, 0% used [0x00000000e4f00000,0x00000000e4f00000,0x00000000e5d00000)
 ParOldGen       total 61952K, used 14353K [0x0000000080000000, 0x0000000083c80000, 0x00000000d5580000)
  object space 61952K, 23% used [0x0000000080000000,0x0000000080e044a8,0x0000000083c80000)
 Metaspace       used 48272K, capacity 50172K, committed 50472K, reserved 1093632K
  class space    used 6485K, capacity 6854K, committed 6960K, reserved 1048576K
Event: 6.797 GC heap after
Heap after GC invocations=11 (full 2):
 PSYoungGen      total 269824K, used 14335K [0x00000000d5580000, 0x00000000eeb80000, 0x0000000100000000)
  eden space 255488K, 0% used [0x00000000d5580000,0x00000000d5580000,0x00000000e4f00000)
  from space 14336K, 99% used [0x00000000e4f00000,0x00000000e5cffd68,0x00000000e5d00000)
  to   space 19968K, 0% used [0x00000000ed800000,0x00000000ed800000,0x00000000eeb80000)
 ParOldGen       total 61952K, used 22574K [0x0000000080000000, 0x0000000083c80000, 0x00000000d5580000)
  object space 61952K, 36% used [0x0000000080000000,0x000000008160baa8,0x0000000083c80000)
 Metaspace       used 48272K, capacity 50172K, committed 50472K, reserved 1093632K
  class space    used 6485K, capacity 6854K, committed 6960K, reserved 1048576K
}
Event: 8.023 GC heap before
{Heap before GC invocations=12 (full 2):
 PSYoungGen      total 269824K, used 116975K [0x00000000d5580000, 0x00000000eeb80000, 0x0000000100000000)
  eden space 255488K, 40% used [0x00000000d5580000,0x00000000db9bc248,0x00000000e4f00000)
  from space 14336K, 99% used [0x00000000e4f00000,0x00000000e5cffd68,0x00000000e5d00000)
  to   space 19968K, 0% used [0x00000000ed800000,0x00000000ed800000,0x00000000eeb80000)
 ParOldGen       total 61952K, used 22574K [0x0000000080000000, 0x0000000083c80000, 0x00000000d5580000)
  object space 61952K, 36% used [0x0000000080000000,0x000000008160baa8,0x0000000083c80000)
 Metaspace       used 56740K, capacity 59044K, committed 59160K, reserved 1099776K
  class space    used 7764K, capacity 8235K, committed 8240K, reserved 1048576K
Event: 8.038 GC heap after
Heap after GC invocations=12 (full 2):
 PSYoungGen      total 389120K, used 19959K [0x00000000d5580000, 0x00000000eec00000, 0x0000000100000000)
  eden space 369152K, 0% used [0x00000000d5580000,0x00000000d5580000,0x00000000ebe00000)
  from space 19968K, 99% used [0x00000000ed800000,0x00000000eeb7de88,0x00000000eeb80000)
  to   space 23552K, 0% used [0x00000000ebe00000,0x00000000ebe00000,0x00000000ed500000)
 ParOldGen       total 61952K, used 25290K [0x0000000080000000, 0x0000000083c80000, 0x00000000d5580000)
  object space 61952K, 40% used [0x0000000080000000,0x00000000818b29a0,0x0000000083c80000)
 Metaspace       used 56740K, capacity 59044K, committed 59160K, reserved 1099776K
  class space    used 7764K, capacity 8235K, committed 8240K, reserved 1048576K
}
Event: 8.038 GC heap before
{Heap before GC invocations=13 (full 3):
 PSYoungGen      total 389120K, used 19959K [0x00000000d5580000, 0x00000000eec00000, 0x0000000100000000)
  eden space 369152K, 0% used [0x00000000d5580000,0x00000000d5580000,0x00000000ebe00000)
  from space 19968K, 99% used [0x00000000ed800000,0x00000000eeb7de88,0x00000000eeb80000)
  to   space 23552K, 0% used [0x00000000ebe00000,0x00000000ebe00000,0x00000000ed500000)
 ParOldGen       total 61952K, used 25290K [0x0000000080000000, 0x0000000083c80000, 0x00000000d5580000)
  object space 61952K, 40% used [0x0000000080000000,0x00000000818b29a0,0x0000000083c80000)
 Metaspace       used 56740K, capacity 59044K, committed 59160K, reserved 1099776K
  class space    used 7764K, capacity 8235K, committed 8240K, reserved 1048576K
Event: 8.197 GC heap after
Heap after GC invocations=13 (full 3):
 PSYoungGen      total 389120K, used 0K [0x00000000d5580000, 0x00000000eec00000, 0x0000000100000000)
  eden space 369152K, 0% used [0x00000000d5580000,0x00000000d5580000,0x00000000ebe00000)
  from space 19968K, 0% used [0x00000000ed800000,0x00000000ed800000,0x00000000eeb80000)
  to   space 23552K, 0% used [0x00000000ebe00000,0x00000000ebe00000,0x00000000ed500000)
 ParOldGen       total 91648K, used 34420K [0x0000000080000000, 0x0000000085980000, 0x00000000d5580000)
  object space 91648K, 37% used [0x0000000080000000,0x000000008219d070,0x0000000085980000)
 Metaspace       used 56721K, capacity 58984K, committed 59160K, reserved 1099776K
  class space    used 7758K, capacity 8225K, committed 8240K, reserved 1048576K
}
Event: 11.464 GC heap before
{Heap before GC invocations=14 (full 3):
 PSYoungGen      total 389120K, used 369152K [0x00000000d5580000, 0x00000000eec00000, 0x0000000100000000)
  eden space 369152K, 100% used [0x00000000d5580000,0x00000000ebe00000,0x00000000ebe00000)
  from space 19968K, 0% used [0x00000000ed800000,0x00000000ed800000,0x00000000eeb80000)
  to   space 23552K, 0% used [0x00000000ebe00000,0x00000000ebe00000,0x00000000ed500000)
 ParOldGen       total 91648K, used 34420K [0x0000000080000000, 0x0000000085980000, 0x00000000d5580000)
  object space 91648K, 37% used [0x0000000080000000,0x000000008219d070,0x0000000085980000)
 Metaspace       used 69775K, capacity 73054K, committed 73240K, reserved 1112064K
  class space    used 9634K, capacity 10266K, committed 10288K, reserved 1048576K
Event: 11.568 GC heap after
Heap after GC invocations=14 (full 3):
 PSYoungGen      total 392704K, used 23544K [0x00000000d5580000, 0x00000000f9300000, 0x0000000100000000)
  eden space 369152K, 0% used [0x00000000d5580000,0x00000000d5580000,0x00000000ebe00000)
  from space 23552K, 99% used [0x00000000ebe00000,0x00000000ed4fe018,0x00000000ed500000)
  to   space 33792K, 0% used [0x00000000f7200000,0x00000000f7200000,0x00000000f9300000)
 ParOldGen       total 91648K, used 52811K [0x0000000080000000, 0x0000000085980000, 0x00000000d5580000)
  object space 91648K, 57% used [0x0000000080000000,0x0000000083392de8,0x0000000085980000)
 Metaspace       used 69775K, capacity 73054K, committed 73240K, reserved 1112064K
  class space    used 9634K, capacity 10266K, committed 10288K, reserved 1048576K
}

Deoptimization events (10 events):
Event: 11.741 Thread 0x0000000023dee800 Uncommon trap: reason=unstable_if action=reinterpret pc=0x00000000030df0f0 method=java.util.Arrays.hashCode([Ljava/lang/Object;)I @ 1
Event: 11.742 Thread 0x0000000023de8800 Uncommon trap: reason=unstable_if action=reinterpret pc=0x0000000003eea2b4 method=com.android.tools.r8.graph.d0.computeEquals(Ljava/lang/Object;)Z @ 37
Event: 11.742 Thread 0x0000000023deb000 Uncommon trap: reason=unstable_if action=reinterpret pc=0x0000000003eea2c8 method=com.android.tools.r8.graph.g0.computeEquals(Ljava/lang/Object;)Z @ 23
Event: 11.759 Thread 0x0000000023de8800 Uncommon trap: reason=unstable_if action=reinterpret pc=0x0000000003f145c0 method=com.android.tools.r8.graph.i0.b(Lcom/android/tools/r8/graph/i0;)I @ 49
Event: 11.873 Thread 0x0000000023df0000 Uncommon trap: reason=unstable_if action=reinterpret pc=0x0000000003e73300 method=com.android.tools.r8.utils.Y.d(I)Z @ 45
Event: 12.097 Thread 0x000000001c419000 Uncommon trap: reason=unstable_if action=reinterpret pc=0x0000000003d90078 method=java.io.ObjectOutputStream$BlockDataOutputStream.writeBytes(Ljava/lang/String;)V @ 22
Event: 12.355 Thread 0x0000000023de4000 Uncommon trap: reason=class_check action=maybe_recompile pc=0x0000000003d7f568 method=com.android.tools.r8.graph.X0.b(Ljava/util/function/Predicate;Ljava/util/function/Consumer;Lcom/android/tools/r8/graph/W;)V @ 2
Event: 12.355 Thread 0x0000000023de4000 Uncommon trap: reason=class_check action=maybe_recompile pc=0x0000000003d7f568 method=com.android.tools.r8.graph.X0.b(Ljava/util/function/Predicate;Ljava/util/function/Consumer;Lcom/android/tools/r8/graph/W;)V @ 2
Event: 12.355 Thread 0x0000000023de4000 Uncommon trap: reason=class_check action=maybe_recompile pc=0x0000000003d7f568 method=com.android.tools.r8.graph.X0.b(Ljava/util/function/Predicate;Ljava/util/function/Consumer;Lcom/android/tools/r8/graph/W;)V @ 2
Event: 12.355 Thread 0x0000000023de4000 Uncommon trap: reason=class_check action=maybe_recompile pc=0x0000000003d7f568 method=com.android.tools.r8.graph.X0.b(Ljava/util/function/Predicate;Ljava/util/function/Consumer;Lcom/android/tools/r8/graph/W;)V @ 2

Classes redefined (0 events):
No events

Internal exceptions (10 events):
Event: 11.741 Thread 0x0000000023df0000 Implicit null exception at 0x00000000030defef to 0x00000000030df0e1
Event: 11.741 Thread 0x0000000023ded000 Implicit null exception at 0x00000000030defef to 0x00000000030df0e1
Event: 11.741 Thread 0x0000000023dea000 Implicit null exception at 0x00000000030defef to 0x00000000030df0e1
Event: 11.741 Thread 0x0000000023def800 Implicit null exception at 0x00000000030defef to 0x00000000030df0e1
Event: 11.741 Thread 0x0000000023deb000 Implicit null exception at 0x00000000030defef to 0x00000000030df0e1
Event: 11.741 Thread 0x0000000023dee800 Implicit null exception at 0x00000000030defef to 0x00000000030df0e1
Event: 12.069 Thread 0x0000000023de4000 Exception <a 'java/lang/IncompatibleClassChangeError': Found class java.lang.Object, but interface was expected> (0x00000000d9b62b98) thrown at [C:\src\AOSP-openjdk-git\hotspot\src\share\vm\interpreter\linkResolver.cpp, line 653]
Event: 12.097 Thread 0x000000001c419000 Exception <a 'java/lang/NoSuchMethodError': <clinit>> (0x00000000d97475c0) thrown at [C:\src\AOSP-openjdk-git\hotspot\src\share\vm\prims\jni.cpp, line 1615]
Event: 12.099 Thread 0x000000001c419000 Exception <a 'java/lang/NoSuchMethodError': <clinit>> (0x00000000d9769c40) thrown at [C:\src\AOSP-openjdk-git\hotspot\src\share\vm\prims\jni.cpp, line 1615]
Event: 12.109 Thread 0x000000001c419000 Exception <a 'java/lang/NoSuchMethodError': <clinit>> (0x00000000d9847fc0) thrown at [C:\src\AOSP-openjdk-git\hotspot\src\share\vm\prims\jni.cpp, line 1615]

Events (10 events):
Event: 12.374 Thread 0x0000000019675000 flushing nmethod 0x000000000363ce10
Event: 12.374 Thread 0x0000000019675000 flushing nmethod 0x0000000003644690
Event: 12.374 Thread 0x0000000019675000 flushing nmethod 0x000000000364f350
Event: 12.374 Thread 0x0000000019675000 flushing nmethod 0x000000000370ab10
Event: 12.374 Thread 0x0000000019675000 flushing nmethod 0x0000000003711450
Event: 12.375 Thread 0x0000000019675000 flushing nmethod 0x000000000384e190
Event: 12.375 Thread 0x0000000019675000 flushing nmethod 0x000000000388c410
Event: 12.376 Thread 0x0000000019675000 flushing nmethod 0x0000000003941a90
Event: 12.376 Thread 0x0000000019675000 flushing nmethod 0x0000000003a3f350
Event: 12.376 Thread 0x0000000019675000 flushing nmethod 0x0000000003a43a10


Dynamic libraries:
0x00007ff6cca50000 - 0x00007ff6cca81000 	C:\Program Files\Android\Android Studio\jre\bin\java.exe
0x00007ffd65f30000 - 0x00007ffd66125000 	C:\WINDOWS\SYSTEM32\ntdll.dll
0x00007ffd65660000 - 0x00007ffd6571d000 	C:\WINDOWS\System32\KERNEL32.DLL
0x00007ffd63c70000 - 0x00007ffd63f39000 	C:\WINDOWS\System32\KERNELBASE.dll
0x00007ffd65120000 - 0x00007ffd651cc000 	C:\WINDOWS\System32\ADVAPI32.dll
0x00007ffd651d0000 - 0x00007ffd6526e000 	C:\WINDOWS\System32\msvcrt.dll
0x00007ffd63fe0000 - 0x00007ffd6407c000 	C:\WINDOWS\System32\sechost.dll
0x00007ffd643f0000 - 0x00007ffd6451b000 	C:\WINDOWS\System32\RPCRT4.dll
0x00007ffd64250000 - 0x00007ffd643f0000 	C:\WINDOWS\System32\USER32.dll
0x00007ffd63980000 - 0x00007ffd639a2000 	C:\WINDOWS\System32\win32u.dll
0x00007ffd64080000 - 0x00007ffd640aa000 	C:\WINDOWS\System32\GDI32.dll
0x00007ffd63870000 - 0x00007ffd6397b000 	C:\WINDOWS\System32\gdi32full.dll
0x00007ffd63720000 - 0x00007ffd637bd000 	C:\WINDOWS\System32\msvcp_win.dll
0x00007ffd63b70000 - 0x00007ffd63c70000 	C:\WINDOWS\System32\ucrtbase.dll
0x00007ffd4ec10000 - 0x00007ffd4eeaa000 	C:\WINDOWS\WinSxS\amd64_microsoft.windows.common-controls_6595b64144ccf1df_6.0.19041.844_none_ca00b6081b84eb1d\COMCTL32.dll
0x00007ffd63f90000 - 0x00007ffd63fc0000 	C:\WINDOWS\System32\IMM32.DLL
0x0000000061e10000 - 0x0000000061ee2000 	C:\Program Files\Android\Android Studio\jre\jre\bin\msvcr100.dll
0x0000000061ef0000 - 0x000000006273b000 	C:\Program Files\Android\Android Studio\jre\jre\bin\server\jvm.dll
0x00007ffd645d0000 - 0x00007ffd645d8000 	C:\WINDOWS\System32\PSAPI.DLL
0x00007ffd5c220000 - 0x00007ffd5c229000 	C:\WINDOWS\SYSTEM32\WSOCK32.dll
0x00007ffd42680000 - 0x00007ffd426a7000 	C:\WINDOWS\SYSTEM32\WINMM.dll
0x00007ffd5aec0000 - 0x00007ffd5aeca000 	C:\WINDOWS\SYSTEM32\VERSION.dll
0x00007ffd645e0000 - 0x00007ffd6464b000 	C:\WINDOWS\System32\WS2_32.dll
0x00007ffd52100000 - 0x00007ffd5210f000 	C:\Program Files\Android\Android Studio\jre\jre\bin\verify.dll
0x00007ffd520d0000 - 0x00007ffd520f9000 	C:\Program Files\Android\Android Studio\jre\jre\bin\java.dll
0x00007ffd520b0000 - 0x00007ffd520c6000 	C:\Program Files\Android\Android Studio\jre\jre\bin\zip.dll
0x00007ffd65720000 - 0x00007ffd65e62000 	C:\WINDOWS\System32\SHELL32.dll
0x00007ffd5e480000 - 0x00007ffd5ec10000 	C:\WINDOWS\SYSTEM32\windows.storage.dll
0x00007ffd65300000 - 0x00007ffd65655000 	C:\WINDOWS\System32\combase.dll
0x00007ffd630e0000 - 0x00007ffd6310c000 	C:\WINDOWS\SYSTEM32\Wldp.dll
0x00007ffd64940000 - 0x00007ffd649ee000 	C:\WINDOWS\System32\SHCORE.dll
0x00007ffd64b70000 - 0x00007ffd64bc5000 	C:\WINDOWS\System32\shlwapi.dll
0x00007ffd635b0000 - 0x00007ffd635cf000 	C:\WINDOWS\SYSTEM32\profapi.dll
0x00007ffd52090000 - 0x00007ffd520aa000 	C:\Program Files\Android\Android Studio\jre\jre\bin\net.dll
0x00007ffd62e60000 - 0x00007ffd62eca000 	C:\WINDOWS\system32\mswsock.dll
0x00007ffd51850000 - 0x00007ffd51863000 	C:\Program Files\Android\Android Studio\jre\jre\bin\nio.dll
0x00007ffd29a40000 - 0x00007ffd29a67000 	C:\Users\PC\.gradle\native\f6784746aeab05261644944871eae4fe03e0ef1612fff0a4a95f87b438bc6780\windows-amd64\native-platform.dll
0x00007ffd51840000 - 0x00007ffd5184d000 	C:\Program Files\Android\Android Studio\jre\jre\bin\management.dll
0x00007ffd63030000 - 0x00007ffd63048000 	C:\WINDOWS\SYSTEM32\CRYPTSP.dll
0x00007ffd62790000 - 0x00007ffd627c4000 	C:\WINDOWS\system32\rsaenh.dll
0x00007ffd63670000 - 0x00007ffd63697000 	C:\WINDOWS\System32\bcrypt.dll
0x00007ffd63530000 - 0x00007ffd6355e000 	C:\WINDOWS\SYSTEM32\USERENV.dll
0x00007ffd636a0000 - 0x00007ffd63720000 	C:\WINDOWS\System32\bcryptprimitives.dll
0x00007ffd63050000 - 0x00007ffd6305c000 	C:\WINDOWS\SYSTEM32\CRYPTBASE.dll
0x00007ffd62b00000 - 0x00007ffd62b3b000 	C:\WINDOWS\SYSTEM32\IPHLPAPI.DLL
0x00007ffd65110000 - 0x00007ffd65118000 	C:\WINDOWS\System32\NSI.dll
0x00007ffd58df0000 - 0x00007ffd58e07000 	C:\WINDOWS\SYSTEM32\dhcpcsvc6.DLL
0x00007ffd58890000 - 0x00007ffd588ad000 	C:\WINDOWS\SYSTEM32\dhcpcsvc.DLL
0x00007ffd62b50000 - 0x00007ffd62c1b000 	C:\WINDOWS\SYSTEM32\DNSAPI.dll
0x00007ffd599e0000 - 0x00007ffd599eb000 	C:\WINDOWS\SYSTEM32\WINNSI.DLL

VM Arguments:
jvm_args: -Xmx2048m -Dfile.encoding=UTF-8 -Duser.country=US -Duser.language=en -Duser.variant 
java_command: org.gradle.launcher.daemon.bootstrap.GradleDaemon 6.5
java_class_path (initial): C:\Users\PC\.gradle\wrapper\dists\gradle-6.5-bin\6nifqtx7604sqp1q6g8wikw7p\gradle-6.5\lib\gradle-launcher-6.5.jar
Launcher Type: SUN_STANDARD

Environment Variables:
JAVA_HOME=C: \ Program Files \ Android \ Android Studio \ jre \ jre
PATH=C:\Program Files (x86)\Common Files\Oracle\Java\javapath;C:\WINDOWS\system32;C:\WINDOWS;C:\WINDOWS\System32\Wbem;C:\WINDOWS\System32\WindowsPowerShell\v1.0\;C:\WINDOWS\System32\OpenSSH\;C:\Program Files (x86)\Intel\Intel(R) Management Engine Components\DAL;C:\Program Files\Intel\Intel(R) Management Engine Components\DAL;C:\Program Files\Microsoft SQL Server\130\Tools\Binn\;C:\Program Files\Microsoft SQL Server\120\Tools\Binn\;C:\Program Files\Microsoft SQL Server\Client SDK\ODBC\110\Tools\Binn\;C:\Program Files (x86)\Microsoft SQL Server\120\Tools\Binn\;C:\Program Files\Microsoft SQL Server\120\DTS\Binn\;C:\Program Files (x86)\Microsoft SQL Server\120\Tools\Binn\ManagementStudio\;C:\Program Files (x86)\Microsoft SQL Server\120\DTS\Binn\;C:\Program Files\dotnet\;C:\Program Files\Microsoft SQL Server\Client SDK\ODBC\170\Tools\Binn\;C:\Program Files\nodejs\;C:\sqlite3;C:\Users\PC\AppData\Local\Programs\Python\Python38\Scripts\;C:\Users\PC\AppData\Local\Programs\Python\Python38\;C:\Users\PC\AppData\Local\Microsoft\WindowsApps;D:\Sublime Text 3;C:\Users\PC\.dotnet\tools;C:\Users\PC\AppData\Local\Programs\Microsoft VS Code\bin;C:\Users\PC\AppData\Roaming\npm;D:\PHP;D:\xampp\php;
USERNAME=PC
OS=Windows_NT
PROCESSOR_IDENTIFIER=Intel64 Family 6 Model 142 Stepping 12, GenuineIntel



---------------  S Y S T E M  ---------------

OS: Windows 10.0 , 64 bit Build 19041 (10.0.19041.804)

CPU:total 8 (initial active 8) (4 cores per cpu, 2 threads per core) family 6 model 142 stepping 12, cmov, cx8, fxsr, mmx, sse, sse2, sse3, ssse3, sse4.1, sse4.2, popcnt, avx, avx2, aes, clmul, erms, 3dnowpref, lzcnt, ht, tsc, tscinvbit, bmi1, bmi2, adx

Memory: 4k page, physical 8262140k(68588k free), swap 12358140k(4336k free)

vm_info: OpenJDK 64-Bit Server VM (25.242-b01) for windows-amd64 JRE (1.8.0_242-release-1644-b01), built by "builder" with MS VC++ 10.0 (VS2010)

time: Thu Apr 15 19:19:30 2021
timezone: SE Asia Standard Time
elapsed time: 12 seconds (0d 0h 0m 12s)

